<?xml version="1.0" encoding="UTF-8"?>
<testng-results ignored="0" total="1" passed="1" failed="0" skipped="0">
  <reporter-output>
  </reporter-output>
  <suite started-at="2024-11-26T11:42:27 IST" name="Default suite" finished-at="2024-11-26T11:42:37 IST" duration-ms="9877">
    <groups>
    </groups>
    <test started-at="2024-11-26T11:42:27 IST" name="Default test" finished-at="2024-11-26T11:42:37 IST" duration-ms="9877">
      <class name="frame4.Child_1">
        <test-method is-config="true" signature="begin()[pri:0, instance:frame4.Child_1@5e600dd5]" started-at="2024-11-26T11:42:27 IST" name="begin" finished-at="2024-11-26T11:42:29 IST" duration-ms="1957" status="PASS">
          <reporter-output>
          </reporter-output>
        </test-method> <!-- begin -->
        <test-method signature="mid_1()[pri:0, instance:frame4.Child_1@5e600dd5]" started-at="2024-11-26T11:42:29 IST" name="mid_1" finished-at="2024-11-26T11:42:37 IST" duration-ms="7607" status="PASS">
          <reporter-output>
          </reporter-output>
        </test-method> <!-- mid_1 -->
        <test-method is-config="true" signature="end()[pri:0, instance:frame4.Child_1@5e600dd5]" started-at="2024-11-26T11:42:37 IST" name="end" finished-at="2024-11-26T11:42:37 IST" duration-ms="273" status="PASS">
          <reporter-output>
          </reporter-output>
        </test-method> <!-- end -->
      </class> <!-- frame4.Child_1 -->
    </test> <!-- Default test -->
  </suite> <!-- Default suite -->
</testng-results>
